00:04:55.492 INFO  vert.x-eventloop-thread-0 BaseServiceProxy     : -> GET /sso/ping,200|117ms
00:04:55.497 INFO  vert.x-eventloop-thread-0 SsoService           : sso ping {"result": "true"}
00:09:55.889 INFO  vert.x-eventloop-thread-0 BaseServiceProxy     : -> GET /sso/ping,200|515ms
00:09:55.890 INFO  vert.x-eventloop-thread-0 SsoService           : sso ping {"result": "true"}
00:14:55.539 INFO  vert.x-eventloop-thread-0 BaseServiceProxy     : -> GET /sso/ping,200|168ms
00:14:55.540 INFO  vert.x-eventloop-thread-0 SsoService           : sso ping {"result": "true"}
00:19:55.486 INFO  vert.x-eventloop-thread-0 BaseServiceProxy     : -> GET /sso/ping,200|118ms
00:19:55.489 INFO  vert.x-eventloop-thread-0 SsoService           : sso ping {"result": "true"}
00:24:55.475 INFO  vert.x-eventloop-thread-0 BaseServiceProxy     : -> GET /sso/ping,200|108ms
00:24:55.478 INFO  vert.x-eventloop-thread-0 SsoService           : sso ping {"result": "true"}
00:29:55.529 INFO  vert.x-eventloop-thread-0 BaseServiceProxy     : -> GET /sso/ping,200|95ms
00:29:55.532 INFO  vert.x-eventloop-thread-0 SsoService           : sso ping {"result": "true"}
00:34:55.541 INFO  vert.x-eventloop-thread-0 BaseServiceProxy     : -> GET /sso/ping,200|101ms
00:34:55.542 INFO  vert.x-eventloop-thread-0 SsoService           : sso ping {"result": "true"}
02:39:24.787 ERROR vert.x-eventloop-thread-0 ConnectionBase       : java.net.SocketException: Connection reset
02:39:24.789 ERROR vert.x-eventloop-thread-0 BaseServiceProxy     : request failed Connection reset
java.net.SocketException: Connection reset
	at java.base/sun.nio.ch.SocketChannelImpl.throwConnectionReset(SocketChannelImpl.java:403)
	at java.base/sun.nio.ch.SocketChannelImpl.implRead(SocketChannelImpl.java:435)
	at java.base/sun.nio.ch.SocketChannelImpl.read(SocketChannelImpl.java:493)
	at io.netty.buffer.PooledUnsafeDirectByteBuf.setBytes(PooledUnsafeDirectByteBuf.java:288)
	at io.netty.buffer.AbstractByteBuf.writeBytes(AbstractByteBuf.java:1106)
	at io.netty.channel.socket.nio.NioSocketChannel.doReadBytes(NioSocketChannel.java:373)
	at io.netty.channel.nio.AbstractNioByteChannel$NioByteUnsafe.read(AbstractNioByteChannel.java:123)
	at io.netty.channel.nio.NioEventLoop.processSelectedKey(NioEventLoop.java:645)
	at io.netty.channel.nio.NioEventLoop.processSelectedKeysPlain(NioEventLoop.java:545)
	at io.netty.channel.nio.NioEventLoop.processSelectedKeys(NioEventLoop.java:499)
	at io.netty.channel.nio.NioEventLoop.run(NioEventLoop.java:459)
	at io.netty.util.concurrent.SingleThreadEventExecutor$5.run(SingleThreadEventExecutor.java:858)
	at java.base/java.lang.Thread.run(Thread.java:1575)
07:34:49.614 INFO  vert.x-eventloop-thread-0 BaseServiceProxy     : -> GET /sso/ping,200|260ms
07:34:49.616 INFO  vert.x-eventloop-thread-0 SsoService           : sso ping {"result": "false"}
10:35:19.065 ERROR vert.x-eventloop-thread-0 ConnectionBase       : java.net.SocketException: Connection reset
10:35:19.066 ERROR vert.x-eventloop-thread-0 BaseServiceProxy     : request failed Connection reset
java.net.SocketException: Connection reset
	at java.base/sun.nio.ch.SocketChannelImpl.throwConnectionReset(SocketChannelImpl.java:403)
	at java.base/sun.nio.ch.SocketChannelImpl.implRead(SocketChannelImpl.java:435)
	at java.base/sun.nio.ch.SocketChannelImpl.read(SocketChannelImpl.java:493)
	at io.netty.buffer.PooledUnsafeDirectByteBuf.setBytes(PooledUnsafeDirectByteBuf.java:288)
	at io.netty.buffer.AbstractByteBuf.writeBytes(AbstractByteBuf.java:1106)
	at io.netty.channel.socket.nio.NioSocketChannel.doReadBytes(NioSocketChannel.java:373)
	at io.netty.channel.nio.AbstractNioByteChannel$NioByteUnsafe.read(AbstractNioByteChannel.java:123)
	at io.netty.channel.nio.NioEventLoop.processSelectedKey(NioEventLoop.java:645)
	at io.netty.channel.nio.NioEventLoop.processSelectedKeysPlain(NioEventLoop.java:545)
	at io.netty.channel.nio.NioEventLoop.processSelectedKeys(NioEventLoop.java:499)
	at io.netty.channel.nio.NioEventLoop.run(NioEventLoop.java:459)
	at io.netty.util.concurrent.SingleThreadEventExecutor$5.run(SingleThreadEventExecutor.java:858)
	at java.base/java.lang.Thread.run(Thread.java:1575)
10:52:15.576 INFO  vert.x-eventloop-thread-0 BaseServiceProxy     : -> GET /sso/ping,200|257ms
10:52:15.577 INFO  vert.x-eventloop-thread-0 SsoService           : sso ping {"result": "false"}
10:57:15.515 INFO  vert.x-eventloop-thread-0 BaseServiceProxy     : -> GET /sso/ping,200|198ms
10:57:15.517 INFO  vert.x-eventloop-thread-0 SsoService           : sso ping {"result": "true"}
11:02:15.407 INFO  vert.x-eventloop-thread-0 BaseServiceProxy     : -> GET /sso/ping,200|92ms
11:02:15.408 INFO  vert.x-eventloop-thread-0 SsoService           : sso ping {"result": "true"}
11:07:15.484 INFO  vert.x-eventloop-thread-0 BaseServiceProxy     : -> GET /sso/ping,200|169ms
11:07:15.486 INFO  vert.x-eventloop-thread-0 SsoService           : sso ping {"result": "true"}
11:12:15.414 INFO  vert.x-eventloop-thread-0 BaseServiceProxy     : -> GET /sso/ping,200|99ms
11:12:15.415 INFO  vert.x-eventloop-thread-0 SsoService           : sso ping {"result": "true"}
11:17:15.406 INFO  vert.x-eventloop-thread-0 BaseServiceProxy     : -> GET /sso/ping,200|91ms
11:17:15.408 INFO  vert.x-eventloop-thread-0 SsoService           : sso ping {"result": "true"}
11:22:15.440 INFO  vert.x-eventloop-thread-0 BaseServiceProxy     : -> GET /sso/ping,200|106ms
11:22:15.441 INFO  vert.x-eventloop-thread-0 SsoService           : sso ping {"result": "true"}
11:27:15.478 INFO  vert.x-eventloop-thread-0 BaseServiceProxy     : -> GET /sso/ping,200|141ms
11:27:15.479 INFO  vert.x-eventloop-thread-0 SsoService           : sso ping {"result": "true"}
11:32:15.479 INFO  vert.x-eventloop-thread-0 BaseServiceProxy     : -> GET /sso/ping,200|141ms
11:32:15.480 INFO  vert.x-eventloop-thread-0 SsoService           : sso ping {"result": "true"}
11:37:15.700 INFO  vert.x-eventloop-thread-0 BaseServiceProxy     : -> GET /sso/ping,200|362ms
11:37:15.704 INFO  vert.x-eventloop-thread-0 SsoService           : sso ping {"result": "true"}
11:42:15.459 INFO  vert.x-eventloop-thread-0 BaseServiceProxy     : -> GET /sso/ping,200|119ms
11:42:15.460 INFO  vert.x-eventloop-thread-0 SsoService           : sso ping {"result": "true"}
11:48:03.008 ERROR vert.x-eventloop-thread-0 ConnectionBase       : java.io.IOException: Can't assign requested address
11:48:03.011 ERROR vert.x-eventloop-thread-0 BaseServiceProxy     : request failed Can't assign requested address
java.io.IOException: Can't assign requested address
	at java.base/sun.nio.ch.SocketDispatcher.read0(Native Method)
	at java.base/sun.nio.ch.SocketDispatcher.read(SocketDispatcher.java:47)
	at java.base/sun.nio.ch.IOUtil.readIntoNativeBuffer(IOUtil.java:341)
	at java.base/sun.nio.ch.IOUtil.read(IOUtil.java:295)
	at java.base/sun.nio.ch.IOUtil.read(IOUtil.java:270)
	at java.base/sun.nio.ch.SocketChannelImpl.implRead(SocketChannelImpl.java:426)
	at java.base/sun.nio.ch.SocketChannelImpl.read(SocketChannelImpl.java:493)
	at io.netty.buffer.PooledUnsafeDirectByteBuf.setBytes(PooledUnsafeDirectByteBuf.java:288)
	at io.netty.buffer.AbstractByteBuf.writeBytes(AbstractByteBuf.java:1106)
	at io.netty.channel.socket.nio.NioSocketChannel.doReadBytes(NioSocketChannel.java:373)
	at io.netty.channel.nio.AbstractNioByteChannel$NioByteUnsafe.read(AbstractNioByteChannel.java:123)
	at io.netty.channel.nio.NioEventLoop.processSelectedKey(NioEventLoop.java:645)
	at io.netty.channel.nio.NioEventLoop.processSelectedKeysPlain(NioEventLoop.java:545)
	at io.netty.channel.nio.NioEventLoop.processSelectedKeys(NioEventLoop.java:499)
	at io.netty.channel.nio.NioEventLoop.run(NioEventLoop.java:459)
	at io.netty.util.concurrent.SingleThreadEventExecutor$5.run(SingleThreadEventExecutor.java:858)
	at java.base/java.lang.Thread.run(Thread.java:1575)
12:13:24.730 ERROR vert.x-eventloop-thread-0 BaseServiceProxy     : request failed api.ibkr.com: nodename nor servname provided, or not known
java.net.UnknownHostException: api.ibkr.com: nodename nor servname provided, or not known
	at java.base/java.net.Inet4AddressImpl.lookupAllHostAddr(Native Method)
	at java.base/java.net.Inet4AddressImpl.lookupAllHostAddr(Inet4AddressImpl.java:43)
	at java.base/java.net.InetAddress$PlatformResolver.lookupByName(InetAddress.java:1221)
	at java.base/java.net.InetAddress.getAddressesFromNameService(InetAddress.java:1817)
	at java.base/java.net.InetAddress$NameServiceAddresses.get(InetAddress.java:1149)
	at java.base/java.net.InetAddress.getAllByName0(InetAddress.java:1807)
	at java.base/java.net.InetAddress.getAllByName(InetAddress.java:1676)
	at java.base/java.net.InetAddress.getByName(InetAddress.java:1578)
	at io.netty.util.internal.SocketUtils$8.run(SocketUtils.java:146)
	at io.netty.util.internal.SocketUtils$8.run(SocketUtils.java:143)
	at java.base/java.security.AccessController.doPrivileged(AccessController.java:571)
	at io.netty.util.internal.SocketUtils.addressByName(SocketUtils.java:143)
	at io.netty.resolver.DefaultNameResolver.doResolve(DefaultNameResolver.java:43)
	at io.netty.resolver.SimpleNameResolver.resolve(SimpleNameResolver.java:63)
	at io.netty.resolver.SimpleNameResolver.resolve(SimpleNameResolver.java:55)
	at io.netty.resolver.InetSocketAddressResolver.doResolve(InetSocketAddressResolver.java:57)
	at io.netty.resolver.InetSocketAddressResolver.doResolve(InetSocketAddressResolver.java:32)
	at io.netty.resolver.AbstractAddressResolver.resolve(AbstractAddressResolver.java:108)
	at io.netty.bootstrap.Bootstrap.doResolveAndConnect0(Bootstrap.java:208)
	at io.netty.bootstrap.Bootstrap.doResolveAndConnect(Bootstrap.java:170)
	at io.netty.bootstrap.Bootstrap.connect(Bootstrap.java:145)
	at io.vertx.core.net.impl.ChannelProvider.connect(ChannelProvider.java:38)
	at io.vertx.core.http.impl.ConnectionManager$ChannelConnector.connect(ConnectionManager.java:537)
	at io.vertx.core.http.impl.ConnectionManager$ConnQueue.createNewConnection(ConnectionManager.java:294)
	at io.vertx.core.http.impl.ConnectionManager$ConnQueue.getConnection(ConnectionManager.java:237)
	at io.vertx.core.http.impl.ConnectionManager.getConnectionForRequest(ConnectionManager.java:171)
	at io.vertx.core.http.impl.HttpClientImpl.getConnectionForRequest(HttpClientImpl.java:950)
	at io.vertx.core.http.impl.HttpClientRequestImpl.connect(HttpClientRequestImpl.java:745)
	at io.vertx.core.http.impl.HttpClientRequestImpl.write(HttpClientRequestImpl.java:867)
	at io.vertx.core.http.impl.HttpClientRequestImpl.end(HttpClientRequestImpl.java:358)
	at ibgroup.web.core.clientportal.gw.services.SsoService.tickleSession(SsoService.java:255)
	at ibgroup.web.core.clientportal.gw.services.SsoService.onTimerEvent(SsoService.java:100)
	at io.vertx.core.impl.VertxImpl$InternalTimerHandler.handle(VertxImpl.java:870)
	at io.vertx.core.impl.VertxImpl$InternalTimerHandler.handle(VertxImpl.java:829)
	at io.vertx.core.impl.ContextImpl.lambda$wrapTask$2(ContextImpl.java:344)
	at io.netty.util.concurrent.AbstractEventExecutor.safeExecute(AbstractEventExecutor.java:163)
	at io.netty.util.concurrent.SingleThreadEventExecutor.runAllTasks(SingleThreadEventExecutor.java:403)
	at io.netty.channel.nio.NioEventLoop.run(NioEventLoop.java:463)
	at io.netty.util.concurrent.SingleThreadEventExecutor$5.run(SingleThreadEventExecutor.java:858)
	at java.base/java.lang.Thread.run(Thread.java:1575)
14:23:41.935 INFO  vert.x-eventloop-thread-0 BaseServiceProxy     : -> GET /sso/ping,200|257ms
14:23:41.937 INFO  vert.x-eventloop-thread-0 SsoService           : sso ping {"result": "true"}
14:28:41.911 INFO  vert.x-eventloop-thread-0 BaseServiceProxy     : -> GET /sso/ping,200|238ms
14:28:41.913 INFO  vert.x-eventloop-thread-0 SsoService           : sso ping {"result": "true"}
14:33:41.807 INFO  vert.x-eventloop-thread-0 BaseServiceProxy     : -> GET /sso/ping,200|144ms
14:33:41.809 INFO  vert.x-eventloop-thread-0 SsoService           : sso ping {"result": "true"}
14:38:41.891 INFO  vert.x-eventloop-thread-0 BaseServiceProxy     : -> GET /sso/ping,200|235ms
14:38:41.893 INFO  vert.x-eventloop-thread-0 SsoService           : sso ping {"result": "true"}
14:43:41.767 INFO  vert.x-eventloop-thread-0 BaseServiceProxy     : -> GET /sso/ping,200|119ms
14:43:41.771 INFO  vert.x-eventloop-thread-0 SsoService           : sso ping {"result": "true"}
14:48:41.760 INFO  vert.x-eventloop-thread-0 BaseServiceProxy     : -> GET /sso/ping,200|118ms
14:48:41.762 INFO  vert.x-eventloop-thread-0 SsoService           : sso ping {"result": "true"}
14:53:41.844 INFO  vert.x-eventloop-thread-0 BaseServiceProxy     : -> GET /sso/ping,200|210ms
14:53:41.847 INFO  vert.x-eventloop-thread-0 SsoService           : sso ping {"result": "true"}
14:58:41.829 INFO  vert.x-eventloop-thread-0 BaseServiceProxy     : -> GET /sso/ping,200|202ms
14:58:41.831 INFO  vert.x-eventloop-thread-0 SsoService           : sso ping {"result": "true"}
15:03:41.697 INFO  vert.x-eventloop-thread-0 BaseServiceProxy     : -> GET /sso/ping,200|76ms
15:03:41.699 INFO  vert.x-eventloop-thread-0 SsoService           : sso ping {"result": "true"}
15:08:41.719 INFO  vert.x-eventloop-thread-0 BaseServiceProxy     : -> GET /sso/ping,200|105ms
15:08:41.721 INFO  vert.x-eventloop-thread-0 SsoService           : sso ping {"result": "true"}
15:13:42.092 INFO  vert.x-eventloop-thread-0 BaseServiceProxy     : -> GET /sso/ping,200|485ms
15:13:42.094 INFO  vert.x-eventloop-thread-0 SsoService           : sso ping {"result": "true"}
15:18:41.985 INFO  vert.x-eventloop-thread-0 BaseServiceProxy     : -> GET /sso/ping,200|107ms
15:18:41.986 INFO  vert.x-eventloop-thread-0 SsoService           : sso ping {"result": "true"}
15:23:42.000 INFO  vert.x-eventloop-thread-0 BaseServiceProxy     : -> GET /sso/ping,200|129ms
15:23:42.002 INFO  vert.x-eventloop-thread-0 SsoService           : sso ping {"result": "true"}
15:28:41.956 INFO  vert.x-eventloop-thread-0 BaseServiceProxy     : -> GET /sso/ping,200|91ms
15:28:41.959 INFO  vert.x-eventloop-thread-0 SsoService           : sso ping {"result": "true"}
15:33:41.950 INFO  vert.x-eventloop-thread-0 BaseServiceProxy     : -> GET /sso/ping,200|93ms
15:33:41.953 INFO  vert.x-eventloop-thread-0 SsoService           : sso ping {"result": "true"}
15:38:42.011 INFO  vert.x-eventloop-thread-0 BaseServiceProxy     : -> GET /sso/ping,200|128ms
15:38:42.013 INFO  vert.x-eventloop-thread-0 SsoService           : sso ping {"result": "true"}
15:43:42.063 INFO  vert.x-eventloop-thread-0 BaseServiceProxy     : -> GET /sso/ping,200|179ms
15:43:42.065 INFO  vert.x-eventloop-thread-0 SsoService           : sso ping {"result": "true"}
15:48:42.001 INFO  vert.x-eventloop-thread-0 BaseServiceProxy     : -> GET /sso/ping,200|116ms
15:48:42.003 INFO  vert.x-eventloop-thread-0 SsoService           : sso ping {"result": "true"}
15:53:42.224 INFO  vert.x-eventloop-thread-0 BaseServiceProxy     : -> GET /sso/ping,200|362ms
15:53:42.227 INFO  vert.x-eventloop-thread-0 SsoService           : sso ping {"result": "true"}
15:58:42.100 INFO  vert.x-eventloop-thread-0 BaseServiceProxy     : -> GET /sso/ping,200|241ms
15:58:42.102 INFO  vert.x-eventloop-thread-0 SsoService           : sso ping {"result": "true"}
16:03:42.004 INFO  vert.x-eventloop-thread-0 BaseServiceProxy     : -> GET /sso/ping,200|148ms
16:03:42.005 INFO  vert.x-eventloop-thread-0 SsoService           : sso ping {"result": "true"}
16:08:42.157 INFO  vert.x-eventloop-thread-0 BaseServiceProxy     : -> GET /sso/ping,200|296ms
16:08:42.159 INFO  vert.x-eventloop-thread-0 SsoService           : sso ping {"result": "true"}
16:13:41.993 INFO  vert.x-eventloop-thread-0 BaseServiceProxy     : -> GET /sso/ping,200|131ms
16:13:41.997 INFO  vert.x-eventloop-thread-0 SsoService           : sso ping {"result": "true"}
16:18:41.934 INFO  vert.x-eventloop-thread-0 BaseServiceProxy     : -> GET /sso/ping,200|77ms
16:18:41.935 INFO  vert.x-eventloop-thread-0 SsoService           : sso ping {"result": "true"}
16:23:41.981 INFO  vert.x-eventloop-thread-0 BaseServiceProxy     : -> GET /sso/ping,200|124ms
16:23:41.983 INFO  vert.x-eventloop-thread-0 SsoService           : sso ping {"result": "true"}
16:28:42.026 INFO  vert.x-eventloop-thread-0 BaseServiceProxy     : -> GET /sso/ping,200|174ms
16:28:42.027 INFO  vert.x-eventloop-thread-0 SsoService           : sso ping {"result": "true"}
16:33:41.963 INFO  vert.x-eventloop-thread-0 BaseServiceProxy     : -> GET /sso/ping,200|110ms
16:33:41.965 INFO  vert.x-eventloop-thread-0 SsoService           : sso ping {"result": "true"}
16:38:42.020 INFO  vert.x-eventloop-thread-0 BaseServiceProxy     : -> GET /sso/ping,200|172ms
16:38:42.022 INFO  vert.x-eventloop-thread-0 SsoService           : sso ping {"result": "true"}
16:43:42.000 INFO  vert.x-eventloop-thread-0 BaseServiceProxy     : -> GET /sso/ping,200|133ms
16:43:42.001 INFO  vert.x-eventloop-thread-0 SsoService           : sso ping {"result": "true"}
16:48:42.287 INFO  vert.x-eventloop-thread-0 BaseServiceProxy     : -> GET /sso/ping,200|419ms
16:48:42.289 INFO  vert.x-eventloop-thread-0 SsoService           : sso ping {"result": "true"}
16:53:41.993 INFO  vert.x-eventloop-thread-0 BaseServiceProxy     : -> GET /sso/ping,200|126ms
16:53:41.999 INFO  vert.x-eventloop-thread-0 SsoService           : sso ping {"result": "true"}
16:58:41.961 INFO  vert.x-eventloop-thread-0 BaseServiceProxy     : -> GET /sso/ping,200|94ms
16:58:41.963 INFO  vert.x-eventloop-thread-0 SsoService           : sso ping {"result": "true"}
17:03:41.975 INFO  vert.x-eventloop-thread-0 BaseServiceProxy     : -> GET /sso/ping,200|108ms
17:03:41.980 INFO  vert.x-eventloop-thread-0 SsoService           : sso ping {"result": "true"}
17:08:42.165 INFO  vert.x-eventloop-thread-0 BaseServiceProxy     : -> GET /sso/ping,200|296ms
17:08:42.166 INFO  vert.x-eventloop-thread-0 SsoService           : sso ping {"result": "true"}
17:13:41.970 INFO  vert.x-eventloop-thread-0 BaseServiceProxy     : -> GET /sso/ping,200|101ms
17:13:41.971 INFO  vert.x-eventloop-thread-0 SsoService           : sso ping {"result": "true"}
17:18:41.999 INFO  vert.x-eventloop-thread-0 BaseServiceProxy     : -> GET /sso/ping,200|99ms
17:18:42.000 INFO  vert.x-eventloop-thread-0 SsoService           : sso ping {"result": "true"}
17:23:42.064 INFO  vert.x-eventloop-thread-0 BaseServiceProxy     : -> GET /sso/ping,200|163ms
17:23:42.066 INFO  vert.x-eventloop-thread-0 SsoService           : sso ping {"result": "true"}
17:28:42.100 INFO  vert.x-eventloop-thread-0 BaseServiceProxy     : -> GET /sso/ping,200|194ms
17:28:42.103 INFO  vert.x-eventloop-thread-0 SsoService           : sso ping {"result": "true"}
17:33:42.052 INFO  vert.x-eventloop-thread-0 BaseServiceProxy     : -> GET /sso/ping,200|143ms
17:33:42.053 INFO  vert.x-eventloop-thread-0 SsoService           : sso ping {"result": "true"}
17:38:42.078 INFO  vert.x-eventloop-thread-0 BaseServiceProxy     : -> GET /sso/ping,200|165ms
17:38:42.082 INFO  vert.x-eventloop-thread-0 SsoService           : sso ping {"result": "true"}
17:43:42.028 INFO  vert.x-eventloop-thread-0 BaseServiceProxy     : -> GET /sso/ping,200|112ms
17:43:42.031 INFO  vert.x-eventloop-thread-0 SsoService           : sso ping {"result": "true"}
17:48:42.118 INFO  vert.x-eventloop-thread-0 BaseServiceProxy     : -> GET /sso/ping,200|197ms
17:48:42.124 INFO  vert.x-eventloop-thread-0 SsoService           : sso ping {"result": "true"}
17:53:42.113 INFO  vert.x-eventloop-thread-0 BaseServiceProxy     : -> GET /sso/ping,200|201ms
17:53:42.116 INFO  vert.x-eventloop-thread-0 SsoService           : sso ping {"result": "true"}
17:58:42.075 INFO  vert.x-eventloop-thread-0 BaseServiceProxy     : -> GET /sso/ping,200|163ms
17:58:42.079 INFO  vert.x-eventloop-thread-0 SsoService           : sso ping {"result": "true"}
18:03:41.997 INFO  vert.x-eventloop-thread-0 BaseServiceProxy     : -> GET /sso/ping,200|85ms
18:03:41.998 INFO  vert.x-eventloop-thread-0 SsoService           : sso ping {"result": "true"}
18:08:42.036 INFO  vert.x-eventloop-thread-0 BaseServiceProxy     : -> GET /sso/ping,200|116ms
18:08:42.039 INFO  vert.x-eventloop-thread-0 SsoService           : sso ping {"result": "true"}
18:13:41.995 INFO  vert.x-eventloop-thread-0 BaseServiceProxy     : -> GET /sso/ping,200|77ms
18:13:41.997 INFO  vert.x-eventloop-thread-0 SsoService           : sso ping {"result": "true"}
18:18:42.040 INFO  vert.x-eventloop-thread-0 BaseServiceProxy     : -> GET /sso/ping,200|122ms
18:18:42.041 INFO  vert.x-eventloop-thread-0 SsoService           : sso ping {"result": "true"}
18:23:41.999 INFO  vert.x-eventloop-thread-0 BaseServiceProxy     : -> GET /sso/ping,200|80ms
18:23:42.001 INFO  vert.x-eventloop-thread-0 SsoService           : sso ping {"result": "true"}
18:28:41.975 INFO  vert.x-eventloop-thread-0 BaseServiceProxy     : -> GET /sso/ping,200|85ms
18:28:41.977 INFO  vert.x-eventloop-thread-0 SsoService           : sso ping {"result": "true"}
18:33:42.078 INFO  vert.x-eventloop-thread-0 BaseServiceProxy     : -> GET /sso/ping,200|189ms
18:33:42.080 INFO  vert.x-eventloop-thread-0 SsoService           : sso ping {"result": "true"}
18:38:42.047 INFO  vert.x-eventloop-thread-0 BaseServiceProxy     : -> GET /sso/ping,200|160ms
18:38:42.048 INFO  vert.x-eventloop-thread-0 SsoService           : sso ping {"result": "true"}
18:43:41.962 INFO  vert.x-eventloop-thread-0 BaseServiceProxy     : -> GET /sso/ping,200|77ms
18:43:41.963 INFO  vert.x-eventloop-thread-0 SsoService           : sso ping {"result": "true"}
19:19:11.928 ERROR vert.x-eventloop-thread-0 ConnectionBase       : java.net.SocketException: Connection reset
19:19:11.934 ERROR vert.x-eventloop-thread-0 BaseServiceProxy     : request failed Connection reset
java.net.SocketException: Connection reset
	at java.base/sun.nio.ch.SocketChannelImpl.throwConnectionReset(SocketChannelImpl.java:403)
	at java.base/sun.nio.ch.SocketChannelImpl.implRead(SocketChannelImpl.java:435)
	at java.base/sun.nio.ch.SocketChannelImpl.read(SocketChannelImpl.java:493)
	at io.netty.buffer.PooledUnsafeDirectByteBuf.setBytes(PooledUnsafeDirectByteBuf.java:288)
	at io.netty.buffer.AbstractByteBuf.writeBytes(AbstractByteBuf.java:1106)
	at io.netty.channel.socket.nio.NioSocketChannel.doReadBytes(NioSocketChannel.java:373)
	at io.netty.channel.nio.AbstractNioByteChannel$NioByteUnsafe.read(AbstractNioByteChannel.java:123)
	at io.netty.channel.nio.NioEventLoop.processSelectedKey(NioEventLoop.java:645)
	at io.netty.channel.nio.NioEventLoop.processSelectedKeysPlain(NioEventLoop.java:545)
	at io.netty.channel.nio.NioEventLoop.processSelectedKeys(NioEventLoop.java:499)
	at io.netty.channel.nio.NioEventLoop.run(NioEventLoop.java:459)
	at io.netty.util.concurrent.SingleThreadEventExecutor$5.run(SingleThreadEventExecutor.java:858)
	at java.base/java.lang.Thread.run(Thread.java:1575)
19:49:33.972 INFO  vert.x-eventloop-thread-0 BaseServiceProxy     : -> GET /sso/ping,200|228ms
19:49:33.974 INFO  vert.x-eventloop-thread-0 SsoService           : sso ping {"result": "true"}
19:54:34.133 INFO  vert.x-eventloop-thread-0 BaseServiceProxy     : -> GET /sso/ping,200|372ms
19:54:34.136 INFO  vert.x-eventloop-thread-0 SsoService           : sso ping {"result": "true"}
19:59:33.915 INFO  vert.x-eventloop-thread-0 BaseServiceProxy     : -> GET /sso/ping,200|152ms
19:59:33.917 INFO  vert.x-eventloop-thread-0 SsoService           : sso ping {"result": "true"}
20:04:33.868 INFO  vert.x-eventloop-thread-0 BaseServiceProxy     : -> GET /sso/ping,200|103ms
20:04:33.870 INFO  vert.x-eventloop-thread-0 SsoService           : sso ping {"result": "true"}
20:09:33.873 INFO  vert.x-eventloop-thread-0 BaseServiceProxy     : -> GET /sso/ping,200|105ms
20:09:33.875 INFO  vert.x-eventloop-thread-0 SsoService           : sso ping {"result": "true"}
20:14:33.859 INFO  vert.x-eventloop-thread-0 BaseServiceProxy     : -> GET /sso/ping,200|87ms
20:14:33.860 INFO  vert.x-eventloop-thread-0 SsoService           : sso ping {"result": "true"}
20:19:33.868 INFO  vert.x-eventloop-thread-0 BaseServiceProxy     : -> GET /sso/ping,200|95ms
20:19:33.870 INFO  vert.x-eventloop-thread-0 SsoService           : sso ping {"result": "true"}
20:24:33.879 INFO  vert.x-eventloop-thread-0 BaseServiceProxy     : -> GET /sso/ping,200|100ms
20:24:33.882 INFO  vert.x-eventloop-thread-0 SsoService           : sso ping {"result": "true"}
20:29:33.863 INFO  vert.x-eventloop-thread-0 BaseServiceProxy     : -> GET /sso/ping,200|101ms
20:29:33.866 INFO  vert.x-eventloop-thread-0 SsoService           : sso ping {"result": "true"}
20:34:33.866 INFO  vert.x-eventloop-thread-0 BaseServiceProxy     : -> GET /sso/ping,200|102ms
20:34:33.870 INFO  vert.x-eventloop-thread-0 SsoService           : sso ping {"result": "true"}
20:39:33.965 INFO  vert.x-eventloop-thread-0 BaseServiceProxy     : -> GET /sso/ping,200|200ms
20:39:33.968 INFO  vert.x-eventloop-thread-0 SsoService           : sso ping {"result": "true"}
20:44:33.877 INFO  vert.x-eventloop-thread-0 BaseServiceProxy     : -> GET /sso/ping,200|112ms
20:44:33.879 INFO  vert.x-eventloop-thread-0 SsoService           : sso ping {"result": "true"}
20:49:33.923 INFO  vert.x-eventloop-thread-0 BaseServiceProxy     : -> GET /sso/ping,200|157ms
20:49:33.925 INFO  vert.x-eventloop-thread-0 SsoService           : sso ping {"result": "true"}
20:54:33.855 INFO  vert.x-eventloop-thread-0 BaseServiceProxy     : -> GET /sso/ping,200|89ms
20:54:33.858 INFO  vert.x-eventloop-thread-0 SsoService           : sso ping {"result": "true"}
20:59:33.865 INFO  vert.x-eventloop-thread-0 BaseServiceProxy     : -> GET /sso/ping,200|98ms
20:59:33.868 INFO  vert.x-eventloop-thread-0 SsoService           : sso ping {"result": "true"}
21:04:34.061 INFO  vert.x-eventloop-thread-0 BaseServiceProxy     : -> GET /sso/ping,200|292ms
21:04:34.063 INFO  vert.x-eventloop-thread-0 SsoService           : sso ping {"result": "true"}
21:09:33.866 INFO  vert.x-eventloop-thread-0 BaseServiceProxy     : -> GET /sso/ping,200|101ms
21:09:33.867 INFO  vert.x-eventloop-thread-0 SsoService           : sso ping {"result": "true"}
21:14:33.868 INFO  vert.x-eventloop-thread-0 BaseServiceProxy     : -> GET /sso/ping,200|102ms
21:14:33.870 INFO  vert.x-eventloop-thread-0 SsoService           : sso ping {"result": "true"}
21:19:33.918 INFO  vert.x-eventloop-thread-0 BaseServiceProxy     : -> GET /sso/ping,200|151ms
21:19:33.922 INFO  vert.x-eventloop-thread-0 SsoService           : sso ping {"result": "true"}
21:24:33.866 INFO  vert.x-eventloop-thread-0 BaseServiceProxy     : -> GET /sso/ping,200|98ms
21:24:33.868 INFO  vert.x-eventloop-thread-0 SsoService           : sso ping {"result": "true"}
21:29:33.918 INFO  vert.x-eventloop-thread-0 BaseServiceProxy     : -> GET /sso/ping,200|150ms
21:29:33.920 INFO  vert.x-eventloop-thread-0 SsoService           : sso ping {"result": "true"}
21:34:33.875 INFO  vert.x-eventloop-thread-0 BaseServiceProxy     : -> GET /sso/ping,200|106ms
21:34:33.877 INFO  vert.x-eventloop-thread-0 SsoService           : sso ping {"result": "true"}
21:39:33.882 INFO  vert.x-eventloop-thread-0 BaseServiceProxy     : -> GET /sso/ping,200|150ms
21:39:33.884 INFO  vert.x-eventloop-thread-0 SsoService           : sso ping {"result": "true"}
21:44:33.841 INFO  vert.x-eventloop-thread-0 BaseServiceProxy     : -> GET /sso/ping,200|113ms
21:44:33.843 INFO  vert.x-eventloop-thread-0 SsoService           : sso ping {"result": "true"}
21:49:33.873 INFO  vert.x-eventloop-thread-0 BaseServiceProxy     : -> GET /sso/ping,200|147ms
21:49:33.876 INFO  vert.x-eventloop-thread-0 SsoService           : sso ping {"result": "true"}
21:54:34.068 INFO  vert.x-eventloop-thread-0 BaseServiceProxy     : -> GET /sso/ping,200|347ms
21:54:34.069 INFO  vert.x-eventloop-thread-0 SsoService           : sso ping {"result": "true"}
21:59:33.808 INFO  vert.x-eventloop-thread-0 BaseServiceProxy     : -> GET /sso/ping,200|90ms
21:59:33.810 INFO  vert.x-eventloop-thread-0 SsoService           : sso ping {"result": "true"}
22:04:33.819 INFO  vert.x-eventloop-thread-0 BaseServiceProxy     : -> GET /sso/ping,200|103ms
22:04:33.827 INFO  vert.x-eventloop-thread-0 SsoService           : sso ping {"result": "true"}
22:09:33.835 INFO  vert.x-eventloop-thread-0 BaseServiceProxy     : -> GET /sso/ping,200|124ms
22:09:33.838 INFO  vert.x-eventloop-thread-0 SsoService           : sso ping {"result": "true"}
22:14:33.885 INFO  vert.x-eventloop-thread-0 BaseServiceProxy     : -> GET /sso/ping,200|110ms
22:14:33.889 INFO  vert.x-eventloop-thread-0 SsoService           : sso ping {"result": "true"}
22:19:33.920 INFO  vert.x-eventloop-thread-0 BaseServiceProxy     : -> GET /sso/ping,200|152ms
22:19:33.923 INFO  vert.x-eventloop-thread-0 SsoService           : sso ping {"result": "true"}
22:24:33.924 INFO  vert.x-eventloop-thread-0 BaseServiceProxy     : -> GET /sso/ping,200|153ms
22:24:33.926 INFO  vert.x-eventloop-thread-0 SsoService           : sso ping {"result": "true"}
22:29:34.045 INFO  vert.x-eventloop-thread-0 BaseServiceProxy     : -> GET /sso/ping,200|271ms
22:29:34.048 INFO  vert.x-eventloop-thread-0 SsoService           : sso ping {"result": "true"}
22:34:33.873 INFO  vert.x-eventloop-thread-0 BaseServiceProxy     : -> GET /sso/ping,200|96ms
22:34:33.876 INFO  vert.x-eventloop-thread-0 SsoService           : sso ping {"result": "true"}
22:39:33.881 INFO  vert.x-eventloop-thread-0 BaseServiceProxy     : -> GET /sso/ping,200|101ms
22:39:33.883 INFO  vert.x-eventloop-thread-0 SsoService           : sso ping {"result": "true"}
22:44:33.889 INFO  vert.x-eventloop-thread-0 BaseServiceProxy     : -> GET /sso/ping,200|106ms
22:44:33.891 INFO  vert.x-eventloop-thread-0 SsoService           : sso ping {"result": "true"}
22:49:33.883 INFO  vert.x-eventloop-thread-0 BaseServiceProxy     : -> GET /sso/ping,200|91ms
22:49:33.884 INFO  vert.x-eventloop-thread-0 SsoService           : sso ping {"result": "true"}
22:54:34.083 INFO  vert.x-eventloop-thread-0 BaseServiceProxy     : -> GET /sso/ping,200|324ms
22:54:34.084 INFO  vert.x-eventloop-thread-0 SsoService           : sso ping {"result": "true"}
22:59:33.869 INFO  vert.x-eventloop-thread-0 BaseServiceProxy     : -> GET /sso/ping,200|110ms
22:59:33.871 INFO  vert.x-eventloop-thread-0 SsoService           : sso ping {"result": "true"}
23:04:34.027 INFO  vert.x-eventloop-thread-0 BaseServiceProxy     : -> GET /sso/ping,200|270ms
23:04:34.031 INFO  vert.x-eventloop-thread-0 SsoService           : sso ping {"result": "true"}
23:09:34.273 INFO  vert.x-eventloop-thread-0 BaseServiceProxy     : -> GET /sso/ping,200|515ms
23:09:34.275 INFO  vert.x-eventloop-thread-0 SsoService           : sso ping {"result": "true"}
23:14:33.865 INFO  vert.x-eventloop-thread-0 BaseServiceProxy     : -> GET /sso/ping,200|109ms
23:14:33.866 INFO  vert.x-eventloop-thread-0 SsoService           : sso ping {"result": "true"}
23:19:33.881 INFO  vert.x-eventloop-thread-0 BaseServiceProxy     : -> GET /sso/ping,200|125ms
23:19:33.882 INFO  vert.x-eventloop-thread-0 SsoService           : sso ping {"result": "true"}
23:24:33.873 INFO  vert.x-eventloop-thread-0 BaseServiceProxy     : -> GET /sso/ping,200|117ms
23:24:33.878 INFO  vert.x-eventloop-thread-0 SsoService           : sso ping {"result": "true"}
23:29:33.863 INFO  vert.x-eventloop-thread-0 BaseServiceProxy     : -> GET /sso/ping,200|121ms
23:29:33.866 INFO  vert.x-eventloop-thread-0 SsoService           : sso ping {"result": "true"}
23:34:33.854 INFO  vert.x-eventloop-thread-0 BaseServiceProxy     : -> GET /sso/ping,200|114ms
23:34:33.856 INFO  vert.x-eventloop-thread-0 SsoService           : sso ping {"result": "true"}
23:39:33.877 INFO  vert.x-eventloop-thread-0 BaseServiceProxy     : -> GET /sso/ping,200|138ms
23:39:33.879 INFO  vert.x-eventloop-thread-0 SsoService           : sso ping {"result": "true"}
23:44:33.866 INFO  vert.x-eventloop-thread-0 BaseServiceProxy     : -> GET /sso/ping,200|132ms
23:44:33.869 INFO  vert.x-eventloop-thread-0 SsoService           : sso ping {"result": "true"}
23:49:33.926 INFO  vert.x-eventloop-thread-0 BaseServiceProxy     : -> GET /sso/ping,200|193ms
23:49:33.932 INFO  vert.x-eventloop-thread-0 SsoService           : sso ping {"result": "true"}
23:54:33.858 INFO  vert.x-eventloop-thread-0 BaseServiceProxy     : -> GET /sso/ping,200|127ms
23:54:33.861 INFO  vert.x-eventloop-thread-0 SsoService           : sso ping {"result": "true"}
23:59:33.871 INFO  vert.x-eventloop-thread-0 BaseServiceProxy     : -> GET /sso/ping,200|142ms
23:59:33.873 INFO  vert.x-eventloop-thread-0 SsoService           : sso ping {"result": "true"}
